# JRE version: Java(TM) SE Runtime Environment (8.0_202-b08) (build 1.8.0_202-b08)
# Java VM: Java HotSpot(TM) 64-Bit Server VM (25.202-b08 mixed mode windows-amd64 compressed oops)
Heap:
 PSYoungGen      total 28160K, used 18229K [0x00000000e0c00000, 0x00000000e2b00000, 0x0000000100000000)
  eden space 24576K, 74% used [0x00000000e0c00000,0x00000000e1dcd6f8,0x00000000e2400000)
  from space 3584K, 0% used [0x00000000e2780000,0x00000000e2780000,0x00000000e2b00000)
  to   space 3584K, 0% used [0x00000000e2400000,0x00000000e2400000,0x00000000e2780000)
 ParOldGen       total 50176K, used 9191K [0x00000000a2400000, 0x00000000a5500000, 0x00000000e0c00000)
  object space 50176K, 18% used [0x00000000a2400000,0x00000000a2cf9fd8,0x00000000a5500000)
 Metaspace       used 17866K, capacity 19182K, committed 19328K, reserved 1067008K
  class space    used 2176K, capacity 2602K, committed 2688K, reserved 1048576K
GC Heap History (10 events):
Event: 0.464 GC heap before
{Heap before GC invocations=1 (full 0):
 PSYoungGen      total 28160K, used 24576K [0x00000000e0c00000, 0x00000000e2b00000, 0x0000000100000000)
  eden space 24576K, 100% used [0x00000000e0c00000,0x00000000e2400000,0x00000000e2400000)
  from space 3584K, 0% used [0x00000000e2780000,0x00000000e2780000,0x00000000e2b00000)
  to   space 3584K, 0% used [0x00000000e2400000,0x00000000e2400000,0x00000000e2780000)
 ParOldGen       total 64512K, used 0K [0x00000000a2400000, 0x00000000a6300000, 0x00000000e0c00000)
  object space 64512K, 0% used [0x00000000a2400000,0x00000000a2400000,0x00000000a6300000)
 Metaspace       used 8096K, capacity 8426K, committed 8704K, reserved 1056768K
  class space    used 891K, capacity 964K, committed 1024K, reserved 1048576K
Event: 0.470 GC heap after
Heap after GC invocations=1 (full 0):
 PSYoungGen      total 28160K, used 3573K [0x00000000e0c00000, 0x00000000e2b00000, 0x0000000100000000)
  eden space 24576K, 0% used [0x00000000e0c00000,0x00000000e0c00000,0x00000000e2400000)
  from space 3584K, 99% used [0x00000000e2400000,0x00000000e277d768,0x00000000e2780000)
  to   space 3584K, 0% used [0x00000000e2780000,0x00000000e2780000,0x00000000e2b00000)
 ParOldGen       total 64512K, used 1061K [0x00000000a2400000, 0x00000000a6300000, 0x00000000e0c00000)
  object space 64512K, 1% used [0x00000000a2400000,0x00000000a25096f8,0x00000000a6300000)
 Metaspace       used 8096K, capacity 8426K, committed 8704K, reserved 1056768K
  class space    used 891K, capacity 964K, committed 1024K, reserved 1048576K
}
Event: 0.603 GC heap before
{Heap before GC invocations=2 (full 0):
 PSYoungGen      total 28160K, used 28149K [0x00000000e0c00000, 0x00000000e2b00000, 0x0000000100000000)
  eden space 24576K, 100% used [0x00000000e0c00000,0x00000000e2400000,0x00000000e2400000)
  from space 3584K, 99% used [0x00000000e2400000,0x00000000e277d768,0x00000000e2780000)
  to   space 3584K, 0% used [0x00000000e2780000,0x00000000e2780000,0x00000000e2b00000)
 ParOldGen       total 64512K, used 1061K [0x00000000a2400000, 0x00000000a6300000, 0x00000000e0c00000)
  object space 64512K, 1% used [0x00000000a2400000,0x00000000a25096f8,0x00000000a6300000)
 Metaspace       used 9573K, capacity 10062K, committed 10240K, reserved 1058816K
  class space    used 1086K, capacity 1217K, committed 1280K, reserved 1048576K
Event: 0.609 GC heap after
Heap after GC invocations=2 (full 0):
 PSYoungGen      total 28160K, used 3572K [0x00000000e0c00000, 0x00000000e2b00000, 0x0000000100000000)
  eden space 24576K, 0% used [0x00000000e0c00000,0x00000000e0c00000,0x00000000e2400000)
  from space 3584K, 99% used [0x00000000e2780000,0x00000000e2afd2a0,0x00000000e2b00000)
  to   space 3584K, 0% used [0x00000000e2400000,0x00000000e2400000,0x00000000e2780000)
 ParOldGen       total 64512K, used 2528K [0x00000000a2400000, 0x00000000a6300000, 0x00000000e0c00000)
  object space 64512K, 3% used [0x00000000a2400000,0x00000000a26781f8,0x00000000a6300000)
 Metaspace       used 9573K, capacity 10062K, committed 10240K, reserved 1058816K
  class space    used 1086K, capacity 1217K, committed 1280K, reserved 1048576K
}
Event: 0.844 GC heap before
{Heap before GC invocations=3 (full 0):
 PSYoungGen      total 28160K, used 28148K [0x00000000e0c00000, 0x00000000e2b00000, 0x0000000100000000)
  eden space 24576K, 100% used [0x00000000e0c00000,0x00000000e2400000,0x00000000e2400000)
  from space 3584K, 99% used [0x00000000e2780000,0x00000000e2afd2a0,0x00000000e2b00000)
  to   space 3584K, 0% used [0x00000000e2400000,0x00000000e2400000,0x00000000e2780000)
 ParOldGen       total 64512K, used 2528K [0x00000000a2400000, 0x00000000a6300000, 0x00000000e0c00000)
  object space 64512K, 3% used [0x00000000a2400000,0x00000000a26781f8,0x00000000a6300000)
 Metaspace       used 11285K, capacity 12012K, committed 12288K, reserved 1060864K
  class space    used 1285K, capacity 1430K, committed 1536K, reserved 1048576K
Event: 0.848 GC heap after
Heap after GC invocations=3 (full 0):
 PSYoungGen      total 28160K, used 3567K [0x00000000e0c00000, 0x00000000e2b00000, 0x0000000100000000)
  eden space 24576K, 0% used [0x00000000e0c00000,0x00000000e0c00000,0x00000000e2400000)
  from space 3584K, 99% used [0x00000000e2400000,0x00000000e277bdc0,0x00000000e2780000)
  to   space 3584K, 0% used [0x00000000e2780000,0x00000000e2780000,0x00000000e2b00000)
 ParOldGen       total 64512K, used 3866K [0x00000000a2400000, 0x00000000a6300000, 0x00000000e0c00000)
  object space 64512K, 5% used [0x00000000a2400000,0x00000000a27c6968,0x00000000a6300000)
 Metaspace       used 11285K, capacity 12012K, committed 12288K, reserved 1060864K
  class space    used 1285K, capacity 1430K, committed 1536K, reserved 1048576K
}
Event: 1.079 GC heap before
{Heap before GC invocations=4 (full 0):
 PSYoungGen      total 28160K, used 24071K [0x00000000e0c00000, 0x00000000e2b00000, 0x0000000100000000)
  eden space 24576K, 83% used [0x00000000e0c00000,0x00000000e2005e88,0x00000000e2400000)
  from space 3584K, 99% used [0x00000000e2400000,0x00000000e277bdc0,0x00000000e2780000)
  to   space 3584K, 0% used [0x00000000e2780000,0x00000000e2780000,0x00000000e2b00000)
 ParOldGen       total 64512K, used 3866K [0x00000000a2400000, 0x00000000a6300000, 0x00000000e0c00000)
  object space 64512K, 5% used [0x00000000a2400000,0x00000000a27c6968,0x00000000a6300000)
 Metaspace       used 16653K, capacity 17632K, committed 17792K, reserved 1069056K
  class space    used 1995K, capacity 2320K, committed 2432K, reserved 1048576K
Event: 1.085 GC heap after
Heap after GC invocations=4 (full 0):
 PSYoungGen      total 28160K, used 3567K [0x00000000e0c00000, 0x00000000e2b00000, 0x0000000100000000)
  eden space 24576K, 0% used [0x00000000e0c00000,0x00000000e0c00000,0x00000000e2400000)
  from space 3584K, 99% used [0x00000000e2780000,0x00000000e2afbde0,0x00000000e2b00000)
  to   space 3584K, 0% used [0x00000000e2400000,0x00000000e2400000,0x00000000e2780000)
 ParOldGen       total 64512K, used 8314K [0x00000000a2400000, 0x00000000a6300000, 0x00000000e0c00000)
  object space 64512K, 12% used [0x00000000a2400000,0x00000000a2c1e960,0x00000000a6300000)
 Metaspace       used 16653K, capacity 17632K, committed 17792K, reserved 1069056K
  class space    used 1995K, capacity 2320K, committed 2432K, reserved 1048576K
}
Event: 1.085 GC heap before
{Heap before GC invocations=5 (full 1):
 PSYoungGen      total 28160K, used 3567K [0x00000000e0c00000, 0x00000000e2b00000, 0x0000000100000000)
  eden space 24576K, 0% used [0x00000000e0c00000,0x00000000e0c00000,0x00000000e2400000)
  from space 3584K, 99% used [0x00000000e2780000,0x00000000e2afbde0,0x00000000e2b00000)
  to   space 3584K, 0% used [0x00000000e2400000,0x00000000e2400000,0x00000000e2780000)
 ParOldGen       total 64512K, used 8314K [0x00000000a2400000, 0x00000000a6300000, 0x00000000e0c00000)
  object space 64512K, 12% used [0x00000000a2400000,0x00000000a2c1e960,0x00000000a6300000)
 Metaspace       used 16653K, capacity 17632K, committed 17792K, reserved 1069056K
  class space    used 1995K, capacity 2320K, committed 2432K, reserved 1048576K
Event: 1.109 GC heap after
Heap after GC invocations=5 (full 1):
 PSYoungGen      total 28160K, used 0K [0x00000000e0c00000, 0x00000000e2b00000, 0x0000000100000000)
  eden space 24576K, 0% used [0x00000000e0c00000,0x00000000e0c00000,0x00000000e2400000)
  from space 3584K, 0% used [0x00000000e2780000,0x00000000e2780000,0x00000000e2b00000)
  to   space 3584K, 0% used [0x00000000e2400000,0x00000000e2400000,0x00000000e2780000)
 ParOldGen       total 50176K, used 9191K [0x00000000a2400000, 0x00000000a5500000, 0x00000000e0c00000)
  object space 50176K, 18% used [0x00000000a2400000,0x00000000a2cf9fd8,0x00000000a5500000)
 Metaspace       used 16653K, capacity 17632K, committed 17792K, reserved 1067008K
  class space    used 1995K, capacity 2320K, committed 2432K, reserved 1048576K
}

